<?xml version="1.0" encoding="UTF-8"?>
<testsuite name="FileServerTest" tests="1" skipped="0" failures="0" errors="0" timestamp="2024-02-09T13:43:56" hostname="macbook-pro-uzivatela-cuninka.home" time="0.487">
  <properties/>
  <testcase name="start" classname="FileServerTest" time="0.487"/>
  <system-out><![CDATA[?[1;31m
Start test 1?[0m
Server started!
Client started!
Enter action (1 - get a file, 2 - create a file, 3 - delete a file): 
> exit
The request was sent.
Server started!
Client started!
Enter action (1 - get a file, 2 - create a file, 3 - delete a file): 
> 2
Enter file name:
> test_purpose_72D1ZH.txt
The request was sent.
Enter the content of the file:
> SQE1U9ZIN0G5L
The request was sent.
The response says that the file was created!
Client started!
Enter action (1 - get a file, 2 - create a file, 3 - delete a file): 
> 2
Enter file name:
> test_purpose_72D1ZH.txt
The request was sent.
Enter the content of the file:
> SQE1U9ZIN0G5L
The request was sent.
The response says that creating the file was forbidden!
Client started!
Enter action (1 - get a file, 2 - create a file, 3 - delete a file): 
> 1
Enter file name:
> test_purpose_72D1ZH.txt
The request was sent.
The content of the file is: SQE1U9ZIN0G5L
Client started!
Enter action (1 - get a file, 2 - create a file, 3 - delete a file): 
> 1
Enter file name:
> test_purpose_S24GO.txt
The request was sent.
The response says that the file was not found!
Client started!
Enter action (1 - get a file, 2 - create a file, 3 - delete a file): 
> 3
Enter file name:
> test_purpose_IPXO34M9C.txt
The request was sent.
The response says that the file was not found!
Client started!
Enter action (1 - get a file, 2 - create a file, 3 - delete a file): 
> 3
Enter file name:
> test_purpose_72D1ZH.txt
The request was sent.
The response says that the file was successfully deleted!
Client started!
Enter action (1 - get a file, 2 - create a file, 3 - delete a file): 
> exit
The request was sent.
]]></system-out>
  <system-err><![CDATA[]]></system-err>
</testsuite>
